<?xml version="1.0" encoding="UTF-8"?>
<testsuite xmlns:xsi="http://www.w3.org/2001/XMLSchema-instance" xsi:noNamespaceSchemaLocation="https://maven.apache.org/surefire/maven-surefire-plugin/xsd/surefire-test-report.xsd" name="com.fdmgroup.CatalogueTest.CatalogueTest" time="1.635" tests="2" errors="0" skipped="0" failures="0">
  <properties>
[...]
</properties>
  <testcase name="getAllBooks_ReturnsEmptyBookList_IfNoBooksAreInTheCatalogue" classname="com.fdmgroup.CatalogueTest.CatalogueTest" time="1.572"/>
  <testcase name="getAllBooks_CallsReadAllMethodOfReadItemCommand_WhenCalled" classname="com.fdmgroup.CatalogueTest.CatalogueTest" time="0.018"/>
</testsuite>